[2024-02-02T15:17:34.740+0000] {taskinstance.py:1159} INFO - Dependencies all met for dep_context=non-requeueable deps ti=<TaskInstance: jikan_myanimelist_dag.extract_api_task manual__2024-02-02T15:17:33.981703+00:00 [queued]>
[2024-02-02T15:17:34.749+0000] {taskinstance.py:1159} INFO - Dependencies all met for dep_context=requeueable deps ti=<TaskInstance: jikan_myanimelist_dag.extract_api_task manual__2024-02-02T15:17:33.981703+00:00 [queued]>
[2024-02-02T15:17:34.750+0000] {taskinstance.py:1361} INFO - Starting attempt 1 of 2
[2024-02-02T15:17:34.768+0000] {taskinstance.py:1382} INFO - Executing <Task(PythonOperator): extract_api_task> on 2024-02-02 15:17:33.981703+00:00
[2024-02-02T15:17:34.775+0000] {standard_task_runner.py:57} INFO - Started process 1251 to run task
[2024-02-02T15:17:34.777+0000] {standard_task_runner.py:84} INFO - Running: ['***', 'tasks', 'run', 'jikan_myanimelist_dag', 'extract_api_task', 'manual__2024-02-02T15:17:33.981703+00:00', '--job-id', '9', '--raw', '--subdir', 'DAGS_FOLDER/final_project_dag.py', '--cfg-path', '/tmp/tmpi66oxiro']
[2024-02-02T15:17:34.779+0000] {standard_task_runner.py:85} INFO - Job 9: Subtask extract_api_task
[2024-02-02T15:17:34.833+0000] {task_command.py:416} INFO - Running <TaskInstance: jikan_myanimelist_dag.extract_api_task manual__2024-02-02T15:17:33.981703+00:00 [running]> on host 223988130ac4
[2024-02-02T15:17:35.065+0000] {taskinstance.py:1662} INFO - Exporting env vars: AIRFLOW_CTX_DAG_OWNER='ahmad_belva' AIRFLOW_CTX_DAG_ID='jikan_myanimelist_dag' AIRFLOW_CTX_TASK_ID='extract_api_task' AIRFLOW_CTX_EXECUTION_DATE='2024-02-02T15:17:33.981703+00:00' AIRFLOW_CTX_TRY_NUMBER='1' AIRFLOW_CTX_DAG_RUN_ID='manual__2024-02-02T15:17:33.981703+00:00'
[2024-02-02T15:17:35.068+0000] {logging_mixin.py:154} INFO - Anime of 2020 winter
[2024-02-02T15:17:43.313+0000] {logging_mixin.py:154} INFO - Anime of 2020 spring
[2024-02-02T15:17:51.413+0000] {logging_mixin.py:154} INFO - Anime of 2020 summer
[2024-02-02T15:17:59.698+0000] {logging_mixin.py:154} INFO - Anime of 2020 fall
[2024-02-02T15:18:08.001+0000] {logging_mixin.py:154} INFO - Anime of 2021 winter
[2024-02-02T15:18:16.495+0000] {logging_mixin.py:154} INFO - Anime of 2021 spring
[2024-02-02T15:18:24.802+0000] {logging_mixin.py:154} INFO - Anime of 2021 summer
[2024-02-02T15:18:33.179+0000] {logging_mixin.py:154} INFO - Anime of 2021 fall
[2024-02-02T15:18:41.647+0000] {logging_mixin.py:154} INFO - Anime of 2022 winter
[2024-02-02T15:18:49.609+0000] {logging_mixin.py:154} INFO - Anime of 2022 spring
[2024-02-02T15:18:57.925+0000] {logging_mixin.py:154} INFO - Anime of 2022 summer
[2024-02-02T15:19:06.314+0000] {logging_mixin.py:154} INFO - Anime of 2022 fall
[2024-02-02T15:19:14.737+0000] {logging_mixin.py:154} INFO - Anime of 2023 winter
[2024-02-02T15:19:23.175+0000] {logging_mixin.py:154} INFO - Anime of 2023 spring
[2024-02-02T15:19:31.291+0000] {logging_mixin.py:154} INFO - Anime of 2023 summer
[2024-02-02T15:19:39.519+0000] {logging_mixin.py:154} INFO - Anime of 2023 fall
[2024-02-02T15:19:47.871+0000] {python.py:194} INFO - Done. Returned value was: None
[2024-02-02T15:19:47.880+0000] {taskinstance.py:1400} INFO - Marking task as SUCCESS. dag_id=jikan_myanimelist_dag, task_id=extract_api_task, execution_date=20240202T151733, start_date=20240202T151734, end_date=20240202T151947
[2024-02-02T15:19:47.916+0000] {local_task_job_runner.py:228} INFO - Task exited with return code 0
[2024-02-02T15:19:47.947+0000] {taskinstance.py:2778} INFO - 1 downstream tasks scheduled from follow-on schedule check
