[2024-02-02T15:11:58.192+0000] {taskinstance.py:1159} INFO - Dependencies all met for dep_context=non-requeueable deps ti=<TaskInstance: jikan_myanimelist_dag.extract_api_task manual__2024-02-02T15:11:57.414857+00:00 [queued]>
[2024-02-02T15:11:58.201+0000] {taskinstance.py:1159} INFO - Dependencies all met for dep_context=requeueable deps ti=<TaskInstance: jikan_myanimelist_dag.extract_api_task manual__2024-02-02T15:11:57.414857+00:00 [queued]>
[2024-02-02T15:11:58.201+0000] {taskinstance.py:1361} INFO - Starting attempt 1 of 2
[2024-02-02T15:11:58.215+0000] {taskinstance.py:1382} INFO - Executing <Task(PythonOperator): extract_api_task> on 2024-02-02 15:11:57.414857+00:00
[2024-02-02T15:11:58.221+0000] {standard_task_runner.py:57} INFO - Started process 1113 to run task
[2024-02-02T15:11:58.223+0000] {standard_task_runner.py:84} INFO - Running: ['***', 'tasks', 'run', 'jikan_myanimelist_dag', 'extract_api_task', 'manual__2024-02-02T15:11:57.414857+00:00', '--job-id', '6', '--raw', '--subdir', 'DAGS_FOLDER/final_project_dag.py', '--cfg-path', '/tmp/tmpm7qvsu7x']
[2024-02-02T15:11:58.225+0000] {standard_task_runner.py:85} INFO - Job 6: Subtask extract_api_task
[2024-02-02T15:11:58.262+0000] {task_command.py:416} INFO - Running <TaskInstance: jikan_myanimelist_dag.extract_api_task manual__2024-02-02T15:11:57.414857+00:00 [running]> on host 223988130ac4
[2024-02-02T15:11:58.497+0000] {taskinstance.py:1662} INFO - Exporting env vars: AIRFLOW_CTX_DAG_OWNER='ahmad_belva' AIRFLOW_CTX_DAG_ID='jikan_myanimelist_dag' AIRFLOW_CTX_TASK_ID='extract_api_task' AIRFLOW_CTX_EXECUTION_DATE='2024-02-02T15:11:57.414857+00:00' AIRFLOW_CTX_TRY_NUMBER='1' AIRFLOW_CTX_DAG_RUN_ID='manual__2024-02-02T15:11:57.414857+00:00'
[2024-02-02T15:11:58.498+0000] {logging_mixin.py:154} INFO - Anime of 2020 winter
[2024-02-02T15:12:06.951+0000] {logging_mixin.py:154} INFO - Anime of 2020 spring
[2024-02-02T15:12:15.118+0000] {logging_mixin.py:154} INFO - Anime of 2020 summer
[2024-02-02T15:12:23.317+0000] {logging_mixin.py:154} INFO - Anime of 2020 fall
[2024-02-02T15:12:32.818+0000] {logging_mixin.py:154} INFO - Anime of 2021 winter
[2024-02-02T15:12:41.101+0000] {logging_mixin.py:154} INFO - Anime of 2021 spring
[2024-02-02T15:12:49.307+0000] {logging_mixin.py:154} INFO - Anime of 2021 summer
[2024-02-02T15:12:57.411+0000] {logging_mixin.py:154} INFO - Anime of 2021 fall
[2024-02-02T15:13:05.786+0000] {logging_mixin.py:154} INFO - Anime of 2022 winter
[2024-02-02T15:13:14.011+0000] {logging_mixin.py:154} INFO - Anime of 2022 spring
[2024-02-02T15:13:22.555+0000] {logging_mixin.py:154} INFO - Anime of 2022 summer
[2024-02-02T15:13:30.960+0000] {logging_mixin.py:154} INFO - Anime of 2022 fall
[2024-02-02T15:13:39.186+0000] {logging_mixin.py:154} INFO - Anime of 2023 winter
[2024-02-02T15:13:47.508+0000] {logging_mixin.py:154} INFO - Anime of 2023 spring
[2024-02-02T15:13:55.881+0000] {logging_mixin.py:154} INFO - Anime of 2023 summer
[2024-02-02T15:14:04.322+0000] {logging_mixin.py:154} INFO - Anime of 2023 fall
[2024-02-02T15:14:12.991+0000] {python.py:194} INFO - Done. Returned value was: None
[2024-02-02T15:14:13.001+0000] {taskinstance.py:1400} INFO - Marking task as SUCCESS. dag_id=jikan_myanimelist_dag, task_id=extract_api_task, execution_date=20240202T151157, start_date=20240202T151158, end_date=20240202T151413
[2024-02-02T15:14:13.031+0000] {local_task_job_runner.py:228} INFO - Task exited with return code 0
[2024-02-02T15:14:13.050+0000] {taskinstance.py:2778} INFO - 1 downstream tasks scheduled from follow-on schedule check
