[2024-02-02T14:59:51.502+0000] {taskinstance.py:1159} INFO - Dependencies all met for dep_context=non-requeueable deps ti=<TaskInstance: jikan_myanimelist_dag.extract_api_task manual__2024-02-02T14:59:49.765713+00:00 [queued]>
[2024-02-02T14:59:51.509+0000] {taskinstance.py:1159} INFO - Dependencies all met for dep_context=requeueable deps ti=<TaskInstance: jikan_myanimelist_dag.extract_api_task manual__2024-02-02T14:59:49.765713+00:00 [queued]>
[2024-02-02T14:59:51.510+0000] {taskinstance.py:1361} INFO - Starting attempt 1 of 2
[2024-02-02T14:59:51.687+0000] {taskinstance.py:1382} INFO - Executing <Task(PythonOperator): extract_api_task> on 2024-02-02 14:59:49.765713+00:00
[2024-02-02T14:59:51.693+0000] {standard_task_runner.py:57} INFO - Started process 887 to run task
[2024-02-02T14:59:51.695+0000] {standard_task_runner.py:84} INFO - Running: ['***', 'tasks', 'run', 'jikan_myanimelist_dag', 'extract_api_task', 'manual__2024-02-02T14:59:49.765713+00:00', '--job-id', '3', '--raw', '--subdir', 'DAGS_FOLDER/final_project_dag.py', '--cfg-path', '/tmp/tmp46pkhz7h']
[2024-02-02T14:59:51.697+0000] {standard_task_runner.py:85} INFO - Job 3: Subtask extract_api_task
[2024-02-02T14:59:51.735+0000] {task_command.py:416} INFO - Running <TaskInstance: jikan_myanimelist_dag.extract_api_task manual__2024-02-02T14:59:49.765713+00:00 [running]> on host 223988130ac4
[2024-02-02T14:59:51.796+0000] {taskinstance.py:1662} INFO - Exporting env vars: AIRFLOW_CTX_DAG_OWNER='ahmad_belva' AIRFLOW_CTX_DAG_ID='jikan_myanimelist_dag' AIRFLOW_CTX_TASK_ID='extract_api_task' AIRFLOW_CTX_EXECUTION_DATE='2024-02-02T14:59:49.765713+00:00' AIRFLOW_CTX_TRY_NUMBER='1' AIRFLOW_CTX_DAG_RUN_ID='manual__2024-02-02T14:59:49.765713+00:00'
[2024-02-02T14:59:51.798+0000] {logging_mixin.py:154} INFO - Anime of 2020 winter
[2024-02-02T15:00:00.237+0000] {logging_mixin.py:154} INFO - Anime of 2020 spring
[2024-02-02T15:00:08.264+0000] {logging_mixin.py:154} INFO - Anime of 2020 summer
[2024-02-02T15:00:16.674+0000] {logging_mixin.py:154} INFO - Anime of 2020 fall
[2024-02-02T15:00:24.955+0000] {logging_mixin.py:154} INFO - Anime of 2021 winter
[2024-02-02T15:00:33.291+0000] {logging_mixin.py:154} INFO - Anime of 2021 spring
[2024-02-02T15:00:41.662+0000] {logging_mixin.py:154} INFO - Anime of 2021 summer
[2024-02-02T15:00:49.951+0000] {logging_mixin.py:154} INFO - Anime of 2021 fall
[2024-02-02T15:00:58.477+0000] {logging_mixin.py:154} INFO - Anime of 2022 winter
[2024-02-02T15:01:06.548+0000] {logging_mixin.py:154} INFO - Anime of 2022 spring
[2024-02-02T15:01:15.064+0000] {logging_mixin.py:154} INFO - Anime of 2022 summer
[2024-02-02T15:01:23.402+0000] {logging_mixin.py:154} INFO - Anime of 2022 fall
[2024-02-02T15:01:31.842+0000] {logging_mixin.py:154} INFO - Anime of 2023 winter
[2024-02-02T15:01:40.383+0000] {logging_mixin.py:154} INFO - Anime of 2023 spring
[2024-02-02T15:01:48.792+0000] {logging_mixin.py:154} INFO - Anime of 2023 summer
[2024-02-02T15:01:57.283+0000] {logging_mixin.py:154} INFO - Anime of 2023 fall
[2024-02-02T15:02:05.836+0000] {python.py:194} INFO - Done. Returned value was: None
[2024-02-02T15:02:05.846+0000] {taskinstance.py:1400} INFO - Marking task as SUCCESS. dag_id=jikan_myanimelist_dag, task_id=extract_api_task, execution_date=20240202T145949, start_date=20240202T145951, end_date=20240202T150205
[2024-02-02T15:02:05.888+0000] {local_task_job_runner.py:228} INFO - Task exited with return code 0
[2024-02-02T15:02:05.909+0000] {taskinstance.py:2778} INFO - 1 downstream tasks scheduled from follow-on schedule check
